Got called with args albr, 1
Got called with args albrrak, 1
Got called with args albrrak, 1
Got called with args 773, 1
Got called with args asdf, 1
Got called with args asdf, 2
Got called with args my name, --stdout
Got called with args my name, 1
Got called with args my name, --stdout
Got called with args my name, 1
Got called with args my name, 1
Got called with args my name, 2
Got called with args my name, 2
Got called with args hjkl, 1
Got called with args hjkl, 1
Got called with args hjkl, 1
Got called with args hjkl, 1
Got called with args hjkl, 1
Got called with args hjkl, 1
Got called with args hjkl, 1
Got called with args hjkl, 1
Got called with args hjkl, 1
Got called with args hjkl, 1
Got called with args hjkl, 1
Got called with args hello, 1
Got called with args hello, 1
Got called with args hello, 1
Got called with args hello, 1
Got called with args hello, 1
Got called with args fuck, 1
Got called with args hjkl, 1
Got called with args hjkl, 1
Got called with args hjkl, 1
Got called with args hjkl, 1
Got called with args hjkl, 1
Got called with args hjkl, 1
Got called with args hjkl, 1
Got called with args name, 1
Got called with args albrrak, 1
